[
  {
    "line": 2,
    "elements": [
      {
        "line": 3,
        "name": "user is navigate to login page",
        "description": "",
        "type": "background",
        "keyword": "Background",
        "steps": [
          {
            "result": {
              "duration": 4144618100,
              "status": "passed"
            },
            "line": 4,
            "name": "user is on the login page",
            "match": {
              "location": "linnbank.stepdefinitions.StepDefByMerve.userIsOnTheLoginPage()"
            },
            "keyword": "Given "
          },
          {
            "result": {
              "duration": 411898300,
              "status": "passed"
            },
            "line": 5,
            "name": "user click on sign in button",
            "match": {
              "location": "linnbank.stepdefinitions.StepDefByMerve.userClickOnSignInButton()"
            },
            "keyword": "Then "
          }
        ]
      },
      {
        "start_timestamp": "2021-08-18T01:57:03.405Z",
        "line": 16,
        "name": "cannot login with invalid password",
        "description": "",
        "id": "user-cannot-login-with-invalid-username-validating-the-error-message;cannot-login-with-invalid-password;invalid-credentials;2",
        "type": "scenario",
        "keyword": "Scenario Outline",
        "steps": [
          {
            "result": {
              "duration": 101728600,
              "status": "passed"
            },
            "line": 7,
            "name": "user enters invalid username \"team50admi\"",
            "match": {
              "arguments": [
                {
                  "val": "\"team50admi\"",
                  "offset": 29
                }
              ],
              "location": "linnbank.stepdefinitions.StepDefByMerve.userEntersInvalidUsername(java.lang.String)"
            },
            "keyword": "Given "
          },
          {
            "result": {
              "duration": 132645900,
              "status": "passed"
            },
            "line": 8,
            "name": "user enters password \"Team50admin!\"",
            "match": {
              "arguments": [
                {
                  "val": "\"Team50admin!\"",
                  "offset": 21
                }
              ],
              "location": "linnbank.stepdefinitions.StepDefByMerve.userEntersPassword(java.lang.String)"
            },
            "keyword": "And "
          },
          {
            "result": {
              "duration": 108709500,
              "status": "passed"
            },
            "line": 9,
            "name": "clicks on sign_in button",
            "match": {
              "location": "linnbank.stepdefinitions.StepDefByMerve.clicksOnSign_inButton()"
            },
            "keyword": "And "
          },
          {
            "result": {
              "duration": 839663200,
              "status": "passed"
            },
            "line": 10,
            "name": "verify error_message error message is displayed",
            "match": {
              "location": "linnbank.stepdefinitions.StepDefByMerve.verifyError_messageErrorMessageIsDisplayed()"
            },
            "keyword": "And "
          },
          {
            "result": {
              "duration": 2189269900,
              "status": "passed"
            },
            "line": 11,
            "name": "close the application",
            "match": {
              "location": "linnbank.stepdefinitions.StepDefByMerve.closeTheApplication()"
            },
            "keyword": "Then "
          }
        ],
        "tags": [
          {
            "name": "@us5_tc_01"
          }
        ]
      },
      {
        "line": 3,
        "name": "user is navigate to login page",
        "description": "",
        "type": "background",
        "keyword": "Background",
        "steps": [
          {
            "result": {
              "duration": 3254517700,
              "status": "passed"
            },
            "line": 4,
            "name": "user is on the login page",
            "match": {
              "location": "linnbank.stepdefinitions.StepDefByMerve.userIsOnTheLoginPage()"
            },
            "keyword": "Given "
          },
          {
            "result": {
              "duration": 422867700,
              "status": "passed"
            },
            "line": 5,
            "name": "user click on sign in button",
            "match": {
              "location": "linnbank.stepdefinitions.StepDefByMerve.userClickOnSignInButton()"
            },
            "keyword": "Then "
          }
        ]
      },
      {
        "start_timestamp": "2021-08-18T01:57:11.430Z",
        "line": 17,
        "name": "cannot login with invalid password",
        "description": "",
        "id": "user-cannot-login-with-invalid-username-validating-the-error-message;cannot-login-with-invalid-password;invalid-credentials;3",
        "type": "scenario",
        "keyword": "Scenario Outline",
        "steps": [
          {
            "result": {
              "duration": 130651000,
              "status": "passed"
            },
            "line": 7,
            "name": "user enters invalid username \"bankprojectadmin..\"",
            "match": {
              "arguments": [
                {
                  "val": "\"bankprojectadmin..\"",
                  "offset": 29
                }
              ],
              "location": "linnbank.stepdefinitions.StepDefByMerve.userEntersInvalidUsername(java.lang.String)"
            },
            "keyword": "Given "
          },
          {
            "result": {
              "duration": 167551300,
              "status": "passed"
            },
            "line": 8,
            "name": "user enters password \"Bankprojectadmin.\"",
            "match": {
              "arguments": [
                {
                  "val": "\"Bankprojectadmin.\"",
                  "offset": 21
                }
              ],
              "location": "linnbank.stepdefinitions.StepDefByMerve.userEntersPassword(java.lang.String)"
            },
            "keyword": "And "
          },
          {
            "result": {
              "duration": 121675400,
              "status": "passed"
            },
            "line": 9,
            "name": "clicks on sign_in button",
            "match": {
              "location": "linnbank.stepdefinitions.StepDefByMerve.clicksOnSign_inButton()"
            },
            "keyword": "And "
          },
          {
            "result": {
              "duration": 771497500,
              "status": "passed"
            },
            "line": 10,
            "name": "verify error_message error message is displayed",
            "match": {
              "location": "linnbank.stepdefinitions.StepDefByMerve.verifyError_messageErrorMessageIsDisplayed()"
            },
            "keyword": "And "
          },
          {
            "result": {
              "duration": 2168476400,
              "status": "passed"
            },
            "line": 11,
            "name": "close the application",
            "match": {
              "location": "linnbank.stepdefinitions.StepDefByMerve.closeTheApplication()"
            },
            "keyword": "Then "
          }
        ],
        "tags": [
          {
            "name": "@us5_tc_01"
          }
        ]
      },
      {
        "line": 3,
        "name": "user is navigate to login page",
        "description": "",
        "type": "background",
        "keyword": "Background",
        "steps": [
          {
            "result": {
              "duration": 3418582000,
              "status": "passed"
            },
            "line": 4,
            "name": "user is on the login page",
            "match": {
              "location": "linnbank.stepdefinitions.StepDefByMerve.userIsOnTheLoginPage()"
            },
            "keyword": "Given "
          },
          {
            "result": {
              "duration": 407910300,
              "status": "passed"
            },
            "line": 5,
            "name": "user click on sign in button",
            "match": {
              "location": "linnbank.stepdefinitions.StepDefByMerve.userClickOnSignInButton()"
            },
            "keyword": "Then "
          }
        ]
      },
      {
        "start_timestamp": "2021-08-18T01:57:18.480Z",
        "line": 18,
        "name": "cannot login with invalid password",
        "description": "",
        "id": "user-cannot-login-with-invalid-username-validating-the-error-message;cannot-login-with-invalid-password;invalid-credentials;4",
        "type": "scenario",
        "keyword": "Scenario Outline",
        "steps": [
          {
            "result": {
              "duration": 97737500,
              "status": "passed"
            },
            "line": 7,
            "name": "user enters invalid username \"Alicanpass1\"",
            "match": {
              "arguments": [
                {
                  "val": "\"Alicanpass1\"",
                  "offset": 29
                }
              ],
              "location": "linnbank.stepdefinitions.StepDefByMerve.userEntersInvalidUsername(java.lang.String)"
            },
            "keyword": "Given "
          },
          {
            "result": {
              "duration": 104322700,
              "status": "passed"
            },
            "line": 8,
            "name": "user enters password \"Alican_01!\"",
            "match": {
              "arguments": [
                {
                  "val": "\"Alican_01!\"",
                  "offset": 21
                }
              ],
              "location": "linnbank.stepdefinitions.StepDefByMerve.userEntersPassword(java.lang.String)"
            },
            "keyword": "And "
          },
          {
            "result": {
              "duration": 80127700,
              "status": "passed"
            },
            "line": 9,
            "name": "clicks on sign_in button",
            "match": {
              "location": "linnbank.stepdefinitions.StepDefByMerve.clicksOnSign_inButton()"
            },
            "keyword": "And "
          },
          {
            "result": {
              "duration": 815870200,
              "status": "passed"
            },
            "line": 10,
            "name": "verify error_message error message is displayed",
            "match": {
              "location": "linnbank.stepdefinitions.StepDefByMerve.verifyError_messageErrorMessageIsDisplayed()"
            },
            "keyword": "And "
          },
          {
            "result": {
              "duration": 2101077200,
              "status": "passed"
            },
            "line": 11,
            "name": "close the application",
            "match": {
              "location": "linnbank.stepdefinitions.StepDefByMerve.closeTheApplication()"
            },
            "keyword": "Then "
          }
        ],
        "tags": [
          {
            "name": "@us5_tc_01"
          }
        ]
      },
      {
        "line": 3,
        "name": "user is navigate to login page",
        "description": "",
        "type": "background",
        "keyword": "Background",
        "steps": [
          {
            "result": {
              "duration": 3095084300,
              "status": "passed"
            },
            "line": 4,
            "name": "user is on the login page",
            "match": {
              "location": "linnbank.stepdefinitions.StepDefByMerve.userIsOnTheLoginPage()"
            },
            "keyword": "Given "
          },
          {
            "result": {
              "duration": 396939700,
              "status": "passed"
            },
            "line": 5,
            "name": "user click on sign in button",
            "match": {
              "location": "linnbank.stepdefinitions.StepDefByMerve.userClickOnSignInButton()"
            },
            "keyword": "Then "
          }
        ]
      },
      {
        "start_timestamp": "2021-08-18T01:57:25.516Z",
        "line": 19,
        "name": "cannot login with invalid password",
        "description": "",
        "id": "user-cannot-login-with-invalid-username-validating-the-error-message;cannot-login-with-invalid-password;invalid-credentials;5",
        "type": "scenario",
        "keyword": "Scenario Outline",
        "steps": [
          {
            "result": {
              "duration": 99731800,
              "status": "passed"
            },
            "line": 7,
            "name": "user enters invalid username \"alicanpass\"",
            "match": {
              "arguments": [
                {
                  "val": "\"alicanpass\"",
                  "offset": 29
                }
              ],
              "location": "linnbank.stepdefinitions.StepDefByMerve.userEntersInvalidUsername(java.lang.String)"
            },
            "keyword": "Given "
          },
          {
            "result": {
              "duration": 122673500,
              "status": "passed"
            },
            "line": 8,
            "name": "user enters password \"Alican_01!\"",
            "match": {
              "arguments": [
                {
                  "val": "\"Alican_01!\"",
                  "offset": 21
                }
              ],
              "location": "linnbank.stepdefinitions.StepDefByMerve.userEntersPassword(java.lang.String)"
            },
            "keyword": "And "
          },
          {
            "result": {
              "duration": 108707500,
              "status": "passed"
            },
            "line": 9,
            "name": "clicks on sign_in button",
            "match": {
              "location": "linnbank.stepdefinitions.StepDefByMerve.clicksOnSign_inButton()"
            },
            "keyword": "And "
          },
          {
            "result": {
              "error_message": "org.openqa.selenium.TimeoutException: Expected condition failed: waiting for visibility of Proxy element for: DefaultElementLocator \u0027By.xpath:  //*[contains(text(),\u0027Failed to sign in\u0027)]\u0027 (tried for 5 second(s) with 500 milliseconds interval)\r\n\tat org.openqa.selenium.support.ui.WebDriverWait.timeoutException(WebDriverWait.java:95)\r\n\tat org.openqa.selenium.support.ui.FluentWait.until(FluentWait.java:272)\r\n\tat linnbank.utilities.ReusableMethods.waitForVisibility(ReusableMethods.java:80)\r\n\tat linnbank.stepdefinitions.StepDefByMerve.verifyError_messageErrorMessageIsDisplayed(StepDefByMerve.java:45)\r\n\tat ✽.verify error_message error message is displayed(file:///C:/Users/pusku/Team50BankFramework/src/test/resources/features/us5_invalidlogin.feature:10)\r\nCaused by: org.openqa.selenium.NoSuchElementException: no such element: Unable to locate element: {\"method\":\"xpath\",\"selector\":\" //*[contains(text(),\u0027Failed to sign in\u0027)]\"}\n  (Session info: chrome\u003d92.0.4515.131)\nFor documentation on this error, please visit: https://www.seleniumhq.org/exceptions/no_such_element.html\nBuild info: version: \u00273.141.59\u0027, revision: \u0027e82be7d358\u0027, time: \u00272018-11-14T08:17:03\u0027\nSystem info: host: \u0027DCD-8Z5MK72\u0027, ip: \u0027192.168.1.117\u0027, os.name: \u0027Windows 10\u0027, os.arch: \u0027amd64\u0027, os.version: \u002710.0\u0027, java.version: \u002711.0.10\u0027\nDriver info: org.openqa.selenium.chrome.ChromeDriver\nCapabilities {acceptInsecureCerts: false, browserName: chrome, browserVersion: 92.0.4515.131, chrome: {chromedriverVersion: 92.0.4515.107 (87a818b10553..., userDataDir: C:\\Users\\pusku\\AppData\\Loca...}, goog:chromeOptions: {debuggerAddress: localhost:54986}, javascriptEnabled: true, networkConnectionEnabled: false, pageLoadStrategy: normal, platform: WINDOWS, platformName: WINDOWS, proxy: Proxy(), setWindowRect: true, strictFileInteractability: false, timeouts: {implicit: 0, pageLoad: 300000, script: 30000}, unhandledPromptBehavior: dismiss and notify, webauthn:extension:credBlob: true, webauthn:extension:largeBlob: true, webauthn:virtualAuthenticators: true}\nSession ID: e8d8d4c56a34d9b80b8523c8cc28a6fd\n*** Element info: {Using\u003dxpath, value\u003d //*[contains(text(),\u0027Failed to sign in\u0027)]}\r\n\tat java.base/jdk.internal.reflect.NativeConstructorAccessorImpl.newInstance0(Native Method)\r\n\tat java.base/jdk.internal.reflect.NativeConstructorAccessorImpl.newInstance(NativeConstructorAccessorImpl.java:62)\r\n\tat java.base/jdk.internal.reflect.DelegatingConstructorAccessorImpl.newInstance(DelegatingConstructorAccessorImpl.java:45)\r\n\tat java.base/java.lang.reflect.Constructor.newInstance(Constructor.java:490)\r\n\tat org.openqa.selenium.remote.http.W3CHttpResponseCodec.createException(W3CHttpResponseCodec.java:187)\r\n\tat org.openqa.selenium.remote.http.W3CHttpResponseCodec.decode(W3CHttpResponseCodec.java:122)\r\n\tat org.openqa.selenium.remote.http.W3CHttpResponseCodec.decode(W3CHttpResponseCodec.java:49)\r\n\tat org.openqa.selenium.remote.HttpCommandExecutor.execute(HttpCommandExecutor.java:158)\r\n\tat org.openqa.selenium.remote.service.DriverCommandExecutor.execute(DriverCommandExecutor.java:83)\r\n\tat org.openqa.selenium.remote.RemoteWebDriver.execute(RemoteWebDriver.java:552)\r\n\tat org.openqa.selenium.remote.RemoteWebDriver.findElement(RemoteWebDriver.java:323)\r\n\tat org.openqa.selenium.remote.RemoteWebDriver.findElementByXPath(RemoteWebDriver.java:428)\r\n\tat org.openqa.selenium.By$ByXPath.findElement(By.java:353)\r\n\tat org.openqa.selenium.remote.RemoteWebDriver.findElement(RemoteWebDriver.java:315)\r\n\tat org.openqa.selenium.support.pagefactory.DefaultElementLocator.findElement(DefaultElementLocator.java:69)\r\n\tat org.openqa.selenium.support.pagefactory.internal.LocatingElementHandler.invoke(LocatingElementHandler.java:38)\r\n\tat com.sun.proxy.$Proxy17.isDisplayed(Unknown Source)\r\n\tat org.openqa.selenium.support.ui.ExpectedConditions.elementIfVisible(ExpectedConditions.java:314)\r\n\tat org.openqa.selenium.support.ui.ExpectedConditions.access$000(ExpectedConditions.java:43)\r\n\tat org.openqa.selenium.support.ui.ExpectedConditions$10.apply(ExpectedConditions.java:300)\r\n\tat org.openqa.selenium.support.ui.ExpectedConditions$10.apply(ExpectedConditions.java:297)\r\n\tat org.openqa.selenium.support.ui.FluentWait.until(FluentWait.java:249)\r\n\tat linnbank.utilities.ReusableMethods.waitForVisibility(ReusableMethods.java:80)\r\n\tat linnbank.stepdefinitions.StepDefByMerve.verifyError_messageErrorMessageIsDisplayed(StepDefByMerve.java:45)\r\n\tat java.base/jdk.internal.reflect.NativeMethodAccessorImpl.invoke0(Native Method)\r\n\tat java.base/jdk.internal.reflect.NativeMethodAccessorImpl.invoke(NativeMethodAccessorImpl.java:62)\r\n\tat java.base/jdk.internal.reflect.DelegatingMethodAccessorImpl.invoke(DelegatingMethodAccessorImpl.java:43)\r\n\tat java.base/java.lang.reflect.Method.invoke(Method.java:566)\r\n\tat io.cucumber.java.Invoker.doInvoke(Invoker.java:66)\r\n\tat io.cucumber.java.Invoker.invoke(Invoker.java:24)\r\n\tat io.cucumber.java.AbstractGlueDefinition.invokeMethod(AbstractGlueDefinition.java:47)\r\n\tat io.cucumber.java.JavaStepDefinition.execute(JavaStepDefinition.java:29)\r\n\tat io.cucumber.core.runner.CoreStepDefinition.execute(CoreStepDefinition.java:66)\r\n\tat io.cucumber.core.runner.PickleStepDefinitionMatch.runStep(PickleStepDefinitionMatch.java:63)\r\n\tat io.cucumber.core.runner.ExecutionMode$1.execute(ExecutionMode.java:10)\r\n\tat io.cucumber.core.runner.TestStep.executeStep(TestStep.java:92)\r\n\tat io.cucumber.core.runner.TestStep.run(TestStep.java:64)\r\n\tat io.cucumber.core.runner.PickleStepTestStep.run(PickleStepTestStep.java:51)\r\n\tat io.cucumber.core.runner.TestCase.run(TestCase.java:104)\r\n\tat io.cucumber.core.runner.Runner.runPickle(Runner.java:73)\r\n\tat io.cucumber.junit.PickleRunners$NoStepDescriptions.run(PickleRunners.java:151)\r\n\tat io.cucumber.junit.FeatureRunner.runChild(FeatureRunner.java:135)\r\n\tat io.cucumber.junit.FeatureRunner.runChild(FeatureRunner.java:27)\r\n\tat org.junit.runners.ParentRunner$4.run(ParentRunner.java:331)\r\n\tat org.junit.runners.ParentRunner$1.schedule(ParentRunner.java:79)\r\n\tat org.junit.runners.ParentRunner.runChildren(ParentRunner.java:329)\r\n\tat org.junit.runners.ParentRunner.access$100(ParentRunner.java:66)\r\n\tat org.junit.runners.ParentRunner$2.evaluate(ParentRunner.java:293)\r\n\tat org.junit.runners.ParentRunner$3.evaluate(ParentRunner.java:306)\r\n\tat org.junit.runners.ParentRunner.run(ParentRunner.java:413)\r\n\tat io.cucumber.junit.Cucumber.runChild(Cucumber.java:200)\r\n\tat io.cucumber.junit.Cucumber.runChild(Cucumber.java:90)\r\n\tat org.junit.runners.ParentRunner$4.run(ParentRunner.java:331)\r\n\tat org.junit.runners.ParentRunner$1.schedule(ParentRunner.java:79)\r\n\tat org.junit.runners.ParentRunner.runChildren(ParentRunner.java:329)\r\n\tat org.junit.runners.ParentRunner.access$100(ParentRunner.java:66)\r\n\tat org.junit.runners.ParentRunner$2.evaluate(ParentRunner.java:293)\r\n\tat io.cucumber.junit.Cucumber$RunCucumber.evaluate(Cucumber.java:235)\r\n\tat org.junit.runners.ParentRunner$3.evaluate(ParentRunner.java:306)\r\n\tat org.junit.runners.ParentRunner.run(ParentRunner.java:413)\r\n\tat org.junit.runner.JUnitCore.run(JUnitCore.java:137)\r\n\tat com.intellij.junit4.JUnit4IdeaTestRunner.startRunnerWithArgs(JUnit4IdeaTestRunner.java:69)\r\n\tat com.intellij.rt.junit.IdeaTestRunner$Repeater.startRunnerWithArgs(IdeaTestRunner.java:33)\r\n\tat com.intellij.rt.junit.JUnitStarter.prepareStreamsAndStart(JUnitStarter.java:221)\r\n\tat com.intellij.rt.junit.JUnitStarter.main(JUnitStarter.java:54)\r\n",
              "duration": 20190041200,
              "status": "failed"
            },
            "line": 10,
            "name": "verify error_message error message is displayed",
            "match": {
              "location": "linnbank.stepdefinitions.StepDefByMerve.verifyError_messageErrorMessageIsDisplayed()"
            },
            "keyword": "And "
          },
          {
            "result": {
              "status": "skipped"
            },
            "line": 11,
            "name": "close the application",
            "match": {
              "location": "linnbank.stepdefinitions.StepDefByMerve.closeTheApplication()"
            },
            "keyword": "Then "
          }
        ],
        "tags": [
          {
            "name": "@us5_tc_01"
          }
        ]
      },
      {
        "line": 3,
        "name": "user is navigate to login page",
        "description": "",
        "type": "background",
        "keyword": "Background",
        "steps": [
          {
            "result": {
              "duration": 689691700,
              "status": "passed"
            },
            "line": 4,
            "name": "user is on the login page",
            "match": {
              "location": "linnbank.stepdefinitions.StepDefByMerve.userIsOnTheLoginPage()"
            },
            "keyword": "Given "
          },
          {
            "result": {
              "error_message": "org.openqa.selenium.json.JsonException: java.lang.reflect.InvocationTargetException\nBuild info: version: \u00273.141.59\u0027, revision: \u0027e82be7d358\u0027, time: \u00272018-11-14T08:17:03\u0027\nSystem info: host: \u0027DCD-8Z5MK72\u0027, ip: \u0027192.168.1.117\u0027, os.name: \u0027Windows 10\u0027, os.arch: \u0027amd64\u0027, os.version: \u002710.0\u0027, java.version: \u002711.0.10\u0027\nDriver info: driver.version: RemoteWebDriver\r\n\tat org.openqa.selenium.json.JsonOutput.convertUsingMethod(JsonOutput.java:332)\r\n\tat org.openqa.selenium.json.JsonOutput.lambda$new$16(JsonOutput.java:155)\r\n\tat org.openqa.selenium.json.JsonOutput.write(JsonOutput.java:264)\r\n\tat org.openqa.selenium.json.JsonOutput.lambda$null$21(JsonOutput.java:168)\r\n\tat java.base/java.util.LinkedHashMap$LinkedValues.forEach(LinkedHashMap.java:608)\r\n\tat org.openqa.selenium.json.JsonOutput.lambda$new$22(JsonOutput.java:168)\r\n\tat org.openqa.selenium.json.JsonOutput.write(JsonOutput.java:264)\r\n\tat org.openqa.selenium.json.JsonOutput.lambda$null$23(JsonOutput.java:177)\r\n\tat com.google.common.collect.SingletonImmutableBiMap.forEach(SingletonImmutableBiMap.java:65)\r\n\tat org.openqa.selenium.json.JsonOutput.lambda$new$24(JsonOutput.java:176)\r\n\tat org.openqa.selenium.json.JsonOutput.write(JsonOutput.java:264)\r\n\tat org.openqa.selenium.json.JsonOutput.write(JsonOutput.java:255)\r\n\tat org.openqa.selenium.json.Json.toJson(Json.java:42)\r\n\tat org.openqa.selenium.remote.http.AbstractHttpCommandCodec.encode(AbstractHttpCommandCodec.java:227)\r\n\tat org.openqa.selenium.remote.http.AbstractHttpCommandCodec.encode(AbstractHttpCommandCodec.java:117)\r\n\tat org.openqa.selenium.remote.HttpCommandExecutor.execute(HttpCommandExecutor.java:152)\r\n\tat org.openqa.selenium.remote.service.DriverCommandExecutor.execute(DriverCommandExecutor.java:83)\r\n\tat org.openqa.selenium.remote.RemoteWebDriver.execute(RemoteWebDriver.java:552)\r\n\tat org.openqa.selenium.remote.RemoteWebDriver.perform(RemoteWebDriver.java:618)\r\n\tat org.openqa.selenium.interactions.Actions$BuiltAction.perform(Actions.java:639)\r\n\tat org.openqa.selenium.interactions.Actions.perform(Actions.java:595)\r\n\tat linnbank.utilities.ReusableMethods.hover(ReusableMethods.java:47)\r\n\tat linnbank.stepdefinitions.StepDefByMerve.userClickOnSignInButton(StepDefByMerve.java:24)\r\n\tat ✽.user click on sign in button(file:///C:/Users/pusku/Team50BankFramework/src/test/resources/features/us5_invalidlogin.feature:5)\r\n\tSuppressed: org.openqa.selenium.json.JsonException: Attempting to close incomplete json stream\nBuild info: version: \u00273.141.59\u0027, revision: \u0027e82be7d358\u0027, time: \u00272018-11-14T08:17:03\u0027\nSystem info: host: \u0027DCD-8Z5MK72\u0027, ip: \u0027192.168.1.117\u0027, os.name: \u0027Windows 10\u0027, os.arch: \u0027amd64\u0027, os.version: \u002710.0\u0027, java.version: \u002711.0.10\u0027\nDriver info: driver.version: RemoteWebDriver\r\n\t\tat org.openqa.selenium.json.JsonOutput.close(JsonOutput.java:279)\r\n\t\tat org.openqa.selenium.json.Json.toJson(Json.java:44)\r\n\t\tat org.openqa.selenium.remote.http.AbstractHttpCommandCodec.encode(AbstractHttpCommandCodec.java:227)\r\n\t\tat org.openqa.selenium.remote.http.AbstractHttpCommandCodec.encode(AbstractHttpCommandCodec.java:117)\r\n\t\tat org.openqa.selenium.remote.HttpCommandExecutor.execute(HttpCommandExecutor.java:152)\r\n\t\tat org.openqa.selenium.remote.service.DriverCommandExecutor.execute(DriverCommandExecutor.java:83)\r\n\t\tat org.openqa.selenium.remote.RemoteWebDriver.execute(RemoteWebDriver.java:552)\r\n\t\tat org.openqa.selenium.remote.RemoteWebDriver.perform(RemoteWebDriver.java:618)\r\n\t\tat org.openqa.selenium.interactions.Actions$BuiltAction.perform(Actions.java:639)\r\n\t\tat org.openqa.selenium.interactions.Actions.perform(Actions.java:595)\r\n\t\tat linnbank.utilities.ReusableMethods.hover(ReusableMethods.java:47)\r\n\t\tat linnbank.stepdefinitions.StepDefByMerve.userClickOnSignInButton(StepDefByMerve.java:24)\r\n\t\tat java.base/jdk.internal.reflect.NativeMethodAccessorImpl.invoke0(Native Method)\r\n\t\tat java.base/jdk.internal.reflect.NativeMethodAccessorImpl.invoke(NativeMethodAccessorImpl.java:62)\r\n\t\tat java.base/jdk.internal.reflect.DelegatingMethodAccessorImpl.invoke(DelegatingMethodAccessorImpl.java:43)\r\n\t\tat java.base/java.lang.reflect.Method.invoke(Method.java:566)\r\n\t\tat io.cucumber.java.Invoker.doInvoke(Invoker.java:66)\r\n\t\tat io.cucumber.java.Invoker.invoke(Invoker.java:24)\r\n\t\tat io.cucumber.java.AbstractGlueDefinition.invokeMethod(AbstractGlueDefinition.java:47)\r\n\t\tat io.cucumber.java.JavaStepDefinition.execute(JavaStepDefinition.java:29)\r\n\t\tat io.cucumber.core.runner.CoreStepDefinition.execute(CoreStepDefinition.java:66)\r\n\t\tat io.cucumber.core.runner.PickleStepDefinitionMatch.runStep(PickleStepDefinitionMatch.java:63)\r\n\t\tat io.cucumber.core.runner.ExecutionMode$1.execute(ExecutionMode.java:10)\r\n\t\tat io.cucumber.core.runner.TestStep.executeStep(TestStep.java:92)\r\n\t\tat io.cucumber.core.runner.TestStep.run(TestStep.java:64)\r\n\t\tat io.cucumber.core.runner.PickleStepTestStep.run(PickleStepTestStep.java:51)\r\n\t\tat io.cucumber.core.runner.TestCase.run(TestCase.java:104)\r\n\t\tat io.cucumber.core.runner.Runner.runPickle(Runner.java:73)\r\n\t\tat io.cucumber.junit.PickleRunners$NoStepDescriptions.run(PickleRunners.java:151)\r\n\t\tat io.cucumber.junit.FeatureRunner.runChild(FeatureRunner.java:135)\r\n\t\tat io.cucumber.junit.FeatureRunner.runChild(FeatureRunner.java:27)\r\n\t\tat org.junit.runners.ParentRunner$4.run(ParentRunner.java:331)\r\n\t\tat org.junit.runners.ParentRunner$1.schedule(ParentRunner.java:79)\r\n\t\tat org.junit.runners.ParentRunner.runChildren(ParentRunner.java:329)\r\n\t\tat org.junit.runners.ParentRunner.access$100(ParentRunner.java:66)\r\n\t\tat org.junit.runners.ParentRunner$2.evaluate(ParentRunner.java:293)\r\n\t\tat org.junit.runners.ParentRunner$3.evaluate(ParentRunner.java:306)\r\n\t\tat org.junit.runners.ParentRunner.run(ParentRunner.java:413)\r\n\t\tat io.cucumber.junit.Cucumber.runChild(Cucumber.java:200)\r\n\t\tat io.cucumber.junit.Cucumber.runChild(Cucumber.java:90)\r\n\t\tat org.junit.runners.ParentRunner$4.run(ParentRunner.java:331)\r\n\t\tat org.junit.runners.ParentRunner$1.schedule(ParentRunner.java:79)\r\n\t\tat org.junit.runners.ParentRunner.runChildren(ParentRunner.java:329)\r\n\t\tat org.junit.runners.ParentRunner.access$100(ParentRunner.java:66)\r\n\t\tat org.junit.runners.ParentRunner$2.evaluate(ParentRunner.java:293)\r\n\t\tat io.cucumber.junit.Cucumber$RunCucumber.evaluate(Cucumber.java:235)\r\n\t\tat org.junit.runners.ParentRunner$3.evaluate(ParentRunner.java:306)\r\n\t\tat org.junit.runners.ParentRunner.run(ParentRunner.java:413)\r\n\t\tat org.junit.runner.JUnitCore.run(JUnitCore.java:137)\r\n\t\tat com.intellij.junit4.JUnit4IdeaTestRunner.startRunnerWithArgs(JUnit4IdeaTestRunner.java:69)\r\n\t\tat com.intellij.rt.junit.IdeaTestRunner$Repeater.startRunnerWithArgs(IdeaTestRunner.java:33)\r\n\t\tat com.intellij.rt.junit.JUnitStarter.prepareStreamsAndStart(JUnitStarter.java:221)\r\n\t\tat com.intellij.rt.junit.JUnitStarter.main(JUnitStarter.java:54)\r\nCaused by: java.lang.reflect.InvocationTargetException\r\n\tat java.base/jdk.internal.reflect.NativeMethodAccessorImpl.invoke0(Native Method)\r\n\tat java.base/jdk.internal.reflect.NativeMethodAccessorImpl.invoke(NativeMethodAccessorImpl.java:62)\r\n\tat java.base/jdk.internal.reflect.DelegatingMethodAccessorImpl.invoke(DelegatingMethodAccessorImpl.java:43)\r\n\tat java.base/java.lang.reflect.Method.invoke(Method.java:566)\r\n\tat org.openqa.selenium.json.JsonOutput.convertUsingMethod(JsonOutput.java:328)\r\n\tat org.openqa.selenium.json.JsonOutput.lambda$new$16(JsonOutput.java:155)\r\n\tat org.openqa.selenium.json.JsonOutput.write(JsonOutput.java:264)\r\n\tat org.openqa.selenium.json.JsonOutput.lambda$null$21(JsonOutput.java:168)\r\n\tat java.base/java.util.LinkedHashMap$LinkedValues.forEach(LinkedHashMap.java:608)\r\n\tat org.openqa.selenium.json.JsonOutput.lambda$new$22(JsonOutput.java:168)\r\n\tat org.openqa.selenium.json.JsonOutput.write(JsonOutput.java:264)\r\n\tat org.openqa.selenium.json.JsonOutput.lambda$null$23(JsonOutput.java:177)\r\n\tat com.google.common.collect.SingletonImmutableBiMap.forEach(SingletonImmutableBiMap.java:65)\r\n\tat org.openqa.selenium.json.JsonOutput.lambda$new$24(JsonOutput.java:176)\r\n\tat org.openqa.selenium.json.JsonOutput.write(JsonOutput.java:264)\r\n\tat org.openqa.selenium.json.JsonOutput.write(JsonOutput.java:255)\r\n\tat org.openqa.selenium.json.Json.toJson(Json.java:42)\r\n\tat org.openqa.selenium.remote.http.AbstractHttpCommandCodec.encode(AbstractHttpCommandCodec.java:227)\r\n\tat org.openqa.selenium.remote.http.AbstractHttpCommandCodec.encode(AbstractHttpCommandCodec.java:117)\r\n\tat org.openqa.selenium.remote.HttpCommandExecutor.execute(HttpCommandExecutor.java:152)\r\n\tat org.openqa.selenium.remote.service.DriverCommandExecutor.execute(DriverCommandExecutor.java:83)\r\n\tat org.openqa.selenium.remote.RemoteWebDriver.execute(RemoteWebDriver.java:552)\r\n\tat org.openqa.selenium.remote.RemoteWebDriver.perform(RemoteWebDriver.java:618)\r\n\tat org.openqa.selenium.interactions.Actions$BuiltAction.perform(Actions.java:639)\r\n\tat org.openqa.selenium.interactions.Actions.perform(Actions.java:595)\r\n\tat linnbank.utilities.ReusableMethods.hover(ReusableMethods.java:47)\r\n\tat linnbank.stepdefinitions.StepDefByMerve.userClickOnSignInButton(StepDefByMerve.java:24)\r\n\tat java.base/jdk.internal.reflect.NativeMethodAccessorImpl.invoke0(Native Method)\r\n\tat java.base/jdk.internal.reflect.NativeMethodAccessorImpl.invoke(NativeMethodAccessorImpl.java:62)\r\n\tat java.base/jdk.internal.reflect.DelegatingMethodAccessorImpl.invoke(DelegatingMethodAccessorImpl.java:43)\r\n\tat java.base/java.lang.reflect.Method.invoke(Method.java:566)\r\n\tat io.cucumber.java.Invoker.doInvoke(Invoker.java:66)\r\n\tat io.cucumber.java.Invoker.invoke(Invoker.java:24)\r\n\tat io.cucumber.java.AbstractGlueDefinition.invokeMethod(AbstractGlueDefinition.java:47)\r\n\tat io.cucumber.java.JavaStepDefinition.execute(JavaStepDefinition.java:29)\r\n\tat io.cucumber.core.runner.CoreStepDefinition.execute(CoreStepDefinition.java:66)\r\n\tat io.cucumber.core.runner.PickleStepDefinitionMatch.runStep(PickleStepDefinitionMatch.java:63)\r\n\tat io.cucumber.core.runner.ExecutionMode$1.execute(ExecutionMode.java:10)\r\n\tat io.cucumber.core.runner.TestStep.executeStep(TestStep.java:92)\r\n\tat io.cucumber.core.runner.TestStep.run(TestStep.java:64)\r\n\tat io.cucumber.core.runner.PickleStepTestStep.run(PickleStepTestStep.java:51)\r\n\tat io.cucumber.core.runner.TestCase.run(TestCase.java:104)\r\n\tat io.cucumber.core.runner.Runner.runPickle(Runner.java:73)\r\n\tat io.cucumber.junit.PickleRunners$NoStepDescriptions.run(PickleRunners.java:151)\r\n\tat io.cucumber.junit.FeatureRunner.runChild(FeatureRunner.java:135)\r\n\tat io.cucumber.junit.FeatureRunner.runChild(FeatureRunner.java:27)\r\n\tat org.junit.runners.ParentRunner$4.run(ParentRunner.java:331)\r\n\tat org.junit.runners.ParentRunner$1.schedule(ParentRunner.java:79)\r\n\tat org.junit.runners.ParentRunner.runChildren(ParentRunner.java:329)\r\n\tat org.junit.runners.ParentRunner.access$100(ParentRunner.java:66)\r\n\tat org.junit.runners.ParentRunner$2.evaluate(ParentRunner.java:293)\r\n\tat org.junit.runners.ParentRunner$3.evaluate(ParentRunner.java:306)\r\n\tat org.junit.runners.ParentRunner.run(ParentRunner.java:413)\r\n\tat io.cucumber.junit.Cucumber.runChild(Cucumber.java:200)\r\n\tat io.cucumber.junit.Cucumber.runChild(Cucumber.java:90)\r\n\tat org.junit.runners.ParentRunner$4.run(ParentRunner.java:331)\r\n\tat org.junit.runners.ParentRunner$1.schedule(ParentRunner.java:79)\r\n\tat org.junit.runners.ParentRunner.runChildren(ParentRunner.java:329)\r\n\tat org.junit.runners.ParentRunner.access$100(ParentRunner.java:66)\r\n\tat org.junit.runners.ParentRunner$2.evaluate(ParentRunner.java:293)\r\n\tat io.cucumber.junit.Cucumber$RunCucumber.evaluate(Cucumber.java:235)\r\n\tat org.junit.runners.ParentRunner$3.evaluate(ParentRunner.java:306)\r\n\tat org.junit.runners.ParentRunner.run(ParentRunner.java:413)\r\n\tat org.junit.runner.JUnitCore.run(JUnitCore.java:137)\r\n\tat com.intellij.junit4.JUnit4IdeaTestRunner.startRunnerWithArgs(JUnit4IdeaTestRunner.java:69)\r\n\tat com.intellij.rt.junit.IdeaTestRunner$Repeater.startRunnerWithArgs(IdeaTestRunner.java:33)\r\n\tat com.intellij.rt.junit.JUnitStarter.prepareStreamsAndStart(JUnitStarter.java:221)\r\n\tat com.intellij.rt.junit.JUnitStarter.main(JUnitStarter.java:54)\r\nCaused by: org.openqa.selenium.NoSuchElementException: no such element: Unable to locate element: {\"method\":\"xpath\",\"selector\":\"//span[contains(text(),\u0027Sign in\u0027)]\"}\n  (Session info: chrome\u003d92.0.4515.131)\nFor documentation on this error, please visit: https://www.seleniumhq.org/exceptions/no_such_element.html\nBuild info: version: \u00273.141.59\u0027, revision: \u0027e82be7d358\u0027, time: \u00272018-11-14T08:17:03\u0027\nSystem info: host: \u0027DCD-8Z5MK72\u0027, ip: \u0027192.168.1.117\u0027, os.name: \u0027Windows 10\u0027, os.arch: \u0027amd64\u0027, os.version: \u002710.0\u0027, java.version: \u002711.0.10\u0027\nDriver info: org.openqa.selenium.chrome.ChromeDriver\nCapabilities {acceptInsecureCerts: false, browserName: chrome, browserVersion: 92.0.4515.131, chrome: {chromedriverVersion: 92.0.4515.107 (87a818b10553..., userDataDir: C:\\Users\\pusku\\AppData\\Loca...}, goog:chromeOptions: {debuggerAddress: localhost:54986}, javascriptEnabled: true, networkConnectionEnabled: false, pageLoadStrategy: normal, platform: WINDOWS, platformName: WINDOWS, proxy: Proxy(), setWindowRect: true, strictFileInteractability: false, timeouts: {implicit: 0, pageLoad: 300000, script: 30000}, unhandledPromptBehavior: dismiss and notify, webauthn:extension:credBlob: true, webauthn:extension:largeBlob: true, webauthn:virtualAuthenticators: true}\nSession ID: e8d8d4c56a34d9b80b8523c8cc28a6fd\n*** Element info: {Using\u003dxpath, value\u003d//span[contains(text(),\u0027Sign in\u0027)]}\r\n\tat java.base/jdk.internal.reflect.NativeConstructorAccessorImpl.newInstance0(Native Method)\r\n\tat java.base/jdk.internal.reflect.NativeConstructorAccessorImpl.newInstance(NativeConstructorAccessorImpl.java:62)\r\n\tat java.base/jdk.internal.reflect.DelegatingConstructorAccessorImpl.newInstance(DelegatingConstructorAccessorImpl.java:45)\r\n\tat java.base/java.lang.reflect.Constructor.newInstance(Constructor.java:490)\r\n\tat org.openqa.selenium.remote.http.W3CHttpResponseCodec.createException(W3CHttpResponseCodec.java:187)\r\n\tat org.openqa.selenium.remote.http.W3CHttpResponseCodec.decode(W3CHttpResponseCodec.java:122)\r\n\tat org.openqa.selenium.remote.http.W3CHttpResponseCodec.decode(W3CHttpResponseCodec.java:49)\r\n\tat org.openqa.selenium.remote.HttpCommandExecutor.execute(HttpCommandExecutor.java:158)\r\n\tat org.openqa.selenium.remote.service.DriverCommandExecutor.execute(DriverCommandExecutor.java:83)\r\n\tat org.openqa.selenium.remote.RemoteWebDriver.execute(RemoteWebDriver.java:552)\r\n\tat org.openqa.selenium.remote.RemoteWebDriver.findElement(RemoteWebDriver.java:323)\r\n\tat org.openqa.selenium.remote.RemoteWebDriver.findElementByXPath(RemoteWebDriver.java:428)\r\n\tat org.openqa.selenium.By$ByXPath.findElement(By.java:353)\r\n\tat org.openqa.selenium.remote.RemoteWebDriver.findElement(RemoteWebDriver.java:315)\r\n\tat org.openqa.selenium.support.pagefactory.DefaultElementLocator.findElement(DefaultElementLocator.java:69)\r\n\tat org.openqa.selenium.support.pagefactory.internal.LocatingElementHandler.invoke(LocatingElementHandler.java:38)\r\n\tat com.sun.proxy.$Proxy17.getWrappedElement(Unknown Source)\r\n\tat org.openqa.selenium.interactions.PointerInput$Origin.asArg(PointerInput.java:204)\r\n\tat org.openqa.selenium.interactions.PointerInput$Move.encode(PointerInput.java:155)\r\n\tat org.openqa.selenium.interactions.Sequence.encode(Sequence.java:75)\r\n\tat org.openqa.selenium.interactions.Sequence.toJson(Sequence.java:84)\r\n\t... 68 more\r\n",
              "duration": 10224030700,
              "status": "failed"
            },
            "line": 5,
            "name": "user click on sign in button",
            "match": {
              "location": "linnbank.stepdefinitions.StepDefByMerve.userClickOnSignInButton()"
            },
            "keyword": "Then "
          }
        ]
      },
      {
        "start_timestamp": "2021-08-18T01:57:49.559Z",
        "line": 20,
        "name": "cannot login with invalid password",
        "description": "",
        "id": "user-cannot-login-with-invalid-username-validating-the-error-message;cannot-login-with-invalid-password;invalid-credentials;6",
        "type": "scenario",
        "keyword": "Scenario Outline",
        "steps": [
          {
            "result": {
              "status": "skipped"
            },
            "line": 7,
            "name": "user enters invalid username \"nonstop\"",
            "match": {
              "arguments": [
                {
                  "val": "\"nonstop\"",
                  "offset": 29
                }
              ],
              "location": "linnbank.stepdefinitions.StepDefByMerve.userEntersInvalidUsername(java.lang.String)"
            },
            "keyword": "Given "
          },
          {
            "result": {
              "duration": 985400,
              "status": "skipped"
            },
            "line": 8,
            "name": "user enters password \"Nonstop1!\"",
            "match": {
              "arguments": [
                {
                  "val": "\"Nonstop1!\"",
                  "offset": 21
                }
              ],
              "location": "linnbank.stepdefinitions.StepDefByMerve.userEntersPassword(java.lang.String)"
            },
            "keyword": "And "
          },
          {
            "result": {
              "status": "skipped"
            },
            "line": 9,
            "name": "clicks on sign_in button",
            "match": {
              "location": "linnbank.stepdefinitions.StepDefByMerve.clicksOnSign_inButton()"
            },
            "keyword": "And "
          },
          {
            "result": {
              "status": "skipped"
            },
            "line": 10,
            "name": "verify error_message error message is displayed",
            "match": {
              "location": "linnbank.stepdefinitions.StepDefByMerve.verifyError_messageErrorMessageIsDisplayed()"
            },
            "keyword": "And "
          },
          {
            "result": {
              "status": "skipped"
            },
            "line": 11,
            "name": "close the application",
            "match": {
              "location": "linnbank.stepdefinitions.StepDefByMerve.closeTheApplication()"
            },
            "keyword": "Then "
          }
        ],
        "tags": [
          {
            "name": "@us5_tc_01"
          }
        ]
      }
    ],
    "name": "User cannot login with invalid username validating the error message",
    "description": "",
    "id": "user-cannot-login-with-invalid-username-validating-the-error-message",
    "keyword": "Feature",
    "uri": "file:src/test/resources/features/us5_invalidlogin.feature",
    "tags": [
      {
        "name": "@us5_tc_01",
        "type": "Tag",
        "location": {
          "line": 1,
          "column": 1
        }
      }
    ]
  }
]